<?xml version="1.0" encoding="UTF-8"?>
<!-- Generated by org.testng.reporters.JUnitXMLReporter -->
<testsuite ignored="0" hostname="LAPTOP-1CTR9ER3" failures="0" tests="6" name="Default test" time="22.8" errors="0" timestamp="2025-02-23T20:18:01 IST">
  <testcase classname="api.test.DDTests" name="testPostUser" time="8.724"/>
  <testcase classname="api.test.DDTests" name="testPostUser" time="1.227"/>
  <testcase classname="api.test.DDTests" name="testPostUser" time="1.347"/>
  <testcase classname="api.test.DDTests" name="testDeleteUserByName" time="1.39"/>
  <testcase classname="api.test.DDTests" name="testDeleteUserByName" time="1.332"/>
  <testcase classname="api.test.DDTests" name="testDeleteUserByName" time="1.336"/>
</testsuite> <!-- Default test -->
