<?xml version="1.0" encoding="UTF-8"?>
<testsuite xmlns:xsi="http://www.w3.org/2001/XMLSchema-instance" xsi:noNamespaceSchemaLocation="https://maven.apache.org/surefire/maven-surefire-plugin/xsd/surefire-test-report.xsd" version="3.0.2" name="TestSuite" time="15.149" tests="4" errors="0" skipped="0" failures="0">
  <properties>
[...]
</properties>
  <testcase name="testPostUser" classname="api.test.UserTests2" time="5.726">
    <system-out><![CDATA[2025-02-25 19:01:30,213 main DEBUG Apache Log4j Core 2.18.0 initializing configuration XmlConfiguration[location=C:\Users\Pritam\eclipse-workspace\PetStoreAutomation\target\test-classes\log4j2.xml]
2025-02-25 19:01:30,216 main DEBUG PluginManager 'Core' found 130 plugins
2025-02-25 19:01:30,216 main DEBUG PluginManager 'Level' found 0 plugins
2025-02-25 19:01:30,228 main DEBUG Building Plugin[name=property, class=org.apache.logging.log4j.core.config.Property].
2025-02-25 19:01:30,274 main TRACE TypeConverterRegistry initializing.
2025-02-25 19:01:30,275 main DEBUG PluginManager 'TypeConverter' found 26 plugins
2025-02-25 19:01:30,291 main DEBUG createProperty(name="basePath", value="./logs", Configuration(C:\Users\Pritam\eclipse-workspace\PetStoreAutomation\target\test-classes\log4j2.xml))
2025-02-25 19:01:30,294 main DEBUG Building Plugin[name=properties, class=org.apache.logging.log4j.core.config.PropertiesPlugin].
2025-02-25 19:01:30,299 main DEBUG configureSubstitutor(={basePath=./logs}, Configuration(C:\Users\Pritam\eclipse-workspace\PetStoreAutomation\target\test-classes\log4j2.xml))
2025-02-25 19:01:30,302 main DEBUG PluginManager 'Lookup' found 16 plugins
2025-02-25 19:01:30,303 main DEBUG Building Plugin[name=layout, class=org.apache.logging.log4j.core.layout.PatternLayout].
2025-02-25 19:01:30,321 main DEBUG PatternLayout$Builder(pattern="%d{HH:mm:ss.SSS} [%t] %-5level %logger{36} - %msg%n", PatternSelector=null, Configuration(C:\Users\Pritam\eclipse-workspace\PetStoreAutomation\target\test-classes\log4j2.xml), Replace=null, charset="null", alwaysWriteExceptions="null", disableAnsi="null", noConsoleNoAnsi="null", header="null", footer="null")
2025-02-25 19:01:30,324 main DEBUG PluginManager 'Converter' found 45 plugins
2025-02-25 19:01:30,325 main DEBUG Building Plugin[name=appender, class=org.apache.logging.log4j.core.appender.ConsoleAppender].
2025-02-25 19:01:30,345 main DEBUG ConsoleAppender$Builder(target="SYSTEM_OUT", follow="null", direct="null", bufferedIo="null", bufferSize="null", immediateFlush="null", ignoreExceptions="null", PatternLayout(%d{HH:mm:ss.SSS} [%t] %-5level %logger{36} - %msg%n), name="Console", Configuration(C:\Users\Pritam\eclipse-workspace\PetStoreAutomation\target\test-classes\log4j2.xml), Filter=null, ={})
2025-02-25 19:01:30,351 main DEBUG Starting OutputStreamManager SYSTEM_OUT.false.false
2025-02-25 19:01:30,352 main DEBUG Building Plugin[name=layout, class=org.apache.logging.log4j.core.layout.PatternLayout].
2025-02-25 19:01:30,353 main DEBUG PatternLayout$Builder(pattern="%d{HH:mm:ss.SSS} [%t] %-5level %logger{36} - %msg%n", PatternSelector=null, Configuration(C:\Users\Pritam\eclipse-workspace\PetStoreAutomation\target\test-classes\log4j2.xml), Replace=null, charset="null", alwaysWriteExceptions="null", disableAnsi="null", noConsoleNoAnsi="null", header="null", footer="null")
2025-02-25 19:01:30,355 main DEBUG Building Plugin[name=SizeBasedTriggeringPolicy, class=org.apache.logging.log4j.core.appender.rolling.SizeBasedTriggeringPolicy].
2025-02-25 19:01:30,362 main DEBUG createPolicy(size="50000")
2025-02-25 19:01:30,366 main DEBUG Building Plugin[name=appender, class=org.apache.logging.log4j.core.appender.RollingFileAppender].
2025-02-25 19:01:30,377 main DEBUG RollingFileAppender$Builder(fileName="./logs/automation.log", filePattern="./logs/automation-%d{yyyy-MM-dd}.log", append="null", locking="null", SizeBasedTriggeringPolicy(SizeBasedTriggeringPolicy(size=50000)), Strategy=null, advertise="null", advertiseUri="null", createOnDemand="null", filePermissions="null", fileOwner="null", fileGroup="null", bufferedIo="null", bufferSize="null", immediateFlush="null", ignoreExceptions="null", PatternLayout(%d{HH:mm:ss.SSS} [%t] %-5level %logger{36} - %msg%n), name="File", Configuration(C:\Users\Pritam\eclipse-workspace\PetStoreAutomation\target\test-classes\log4j2.xml), Filter=null, ={})
2025-02-25 19:01:30,400 main TRACE New file './logs/automation.log' created = false
2025-02-25 19:01:30,402 main DEBUG Returning file creation time for C:\Users\Pritam\eclipse-workspace\PetStoreAutomation\.\logs\automation.log
2025-02-25 19:01:30,406 main DEBUG Starting RollingFileManager ./logs/automation.log
2025-02-25 19:01:30,411 main DEBUG PluginManager 'FileConverter' found 2 plugins
2025-02-25 19:01:30,447 main DEBUG Setting prev file time to 2025-02-23T23:18:54.879+0530
2025-02-25 19:01:30,447 main DEBUG Initializing triggering policy SizeBasedTriggeringPolicy(size=50000)
2025-02-25 19:01:30,448 main DEBUG Building Plugin[name=appenders, class=org.apache.logging.log4j.core.config.AppendersPlugin].
2025-02-25 19:01:30,449 main DEBUG createAppenders(={Console, File})
2025-02-25 19:01:30,449 main DEBUG Building Plugin[name=AppenderRef, class=org.apache.logging.log4j.core.config.AppenderRef].
2025-02-25 19:01:30,460 main DEBUG createAppenderRef(ref="File", level="null", Filter=null)
2025-02-25 19:01:30,462 main DEBUG Building Plugin[name=AppenderRef, class=org.apache.logging.log4j.core.config.AppenderRef].
2025-02-25 19:01:30,463 main DEBUG createAppenderRef(ref="Console", level="null", Filter=null)
2025-02-25 19:01:30,464 main DEBUG Building Plugin[name=root, class=org.apache.logging.log4j.core.config.LoggerConfig$RootLogger].
2025-02-25 19:01:30,470 main DEBUG LoggerConfig$RootLogger$Builder(additivity="null", level="DEBUG", levelAndRefs="null", includeLocation="null", ={File, Console}, ={}, Configuration(C:\Users\Pritam\eclipse-workspace\PetStoreAutomation\target\test-classes\log4j2.xml), Filter=null)
2025-02-25 19:01:30,480 main DEBUG Building Plugin[name=AppenderRef, class=org.apache.logging.log4j.core.config.AppenderRef].
2025-02-25 19:01:30,483 main DEBUG createAppenderRef(ref="File", level="null", Filter=null)
2025-02-25 19:01:30,484 main DEBUG Building Plugin[name=AppenderRef, class=org.apache.logging.log4j.core.config.AppenderRef].
2025-02-25 19:01:30,486 main DEBUG createAppenderRef(ref="Console", level="null", Filter=null)
2025-02-25 19:01:30,487 main DEBUG Building Plugin[name=logger, class=org.apache.logging.log4j.core.config.LoggerConfig].
2025-02-25 19:01:30,497 main DEBUG LoggerConfig$Builder(additivity="false", level="DEBUG", levelAndRefs="null", name="io.restassured", includeLocation="null", ={File, Console}, ={}, Configuration(C:\Users\Pritam\eclipse-workspace\PetStoreAutomation\target\test-classes\log4j2.xml), Filter=null)
2025-02-25 19:01:30,500 main DEBUG Building Plugin[name=AppenderRef, class=org.apache.logging.log4j.core.config.AppenderRef].
2025-02-25 19:01:30,503 main DEBUG createAppenderRef(ref="File", level="null", Filter=null)
2025-02-25 19:01:30,506 main DEBUG Building Plugin[name=AppenderRef, class=org.apache.logging.log4j.core.config.AppenderRef].
2025-02-25 19:01:30,507 main DEBUG createAppenderRef(ref="Console", level="null", Filter=null)
2025-02-25 19:01:30,508 main DEBUG Building Plugin[name=logger, class=org.apache.logging.log4j.core.config.LoggerConfig].
2025-02-25 19:01:30,510 main DEBUG LoggerConfig$Builder(additivity="false", level="DEBUG", levelAndRefs="null", name="org.apache.http", includeLocation="null", ={File, Console}, ={}, Configuration(C:\Users\Pritam\eclipse-workspace\PetStoreAutomation\target\test-classes\log4j2.xml), Filter=null)
2025-02-25 19:01:30,511 main DEBUG Building Plugin[name=loggers, class=org.apache.logging.log4j.core.config.LoggersPlugin].
2025-02-25 19:01:30,513 main DEBUG createLoggers(={root, io.restassured, org.apache.http})
2025-02-25 19:01:30,515 main DEBUG Configuration XmlConfiguration[location=C:\Users\Pritam\eclipse-workspace\PetStoreAutomation\target\test-classes\log4j2.xml] initialized
2025-02-25 19:01:30,515 main DEBUG Starting configuration XmlConfiguration[location=C:\Users\Pritam\eclipse-workspace\PetStoreAutomation\target\test-classes\log4j2.xml]
2025-02-25 19:01:30,515 main DEBUG Started configuration XmlConfiguration[location=C:\Users\Pritam\eclipse-workspace\PetStoreAutomation\target\test-classes\log4j2.xml] OK.
2025-02-25 19:01:30,515 main TRACE Stopping org.apache.logging.log4j.core.config.DefaultConfiguration@17fede14...
2025-02-25 19:01:30,516 main TRACE DefaultConfiguration notified 1 ReliabilityStrategies that config will be stopped.
2025-02-25 19:01:30,516 main TRACE DefaultConfiguration stopping root LoggerConfig.
2025-02-25 19:01:30,516 main TRACE DefaultConfiguration notifying ReliabilityStrategies that appenders will be stopped.
2025-02-25 19:01:30,517 main TRACE DefaultConfiguration stopping remaining Appenders.
2025-02-25 19:01:30,517 main DEBUG Shutting down OutputStreamManager SYSTEM_OUT.false.false-1
2025-02-25 19:01:30,517 main DEBUG OutputStream closed
2025-02-25 19:01:30,518 main DEBUG Shut down OutputStreamManager SYSTEM_OUT.false.false-1, all resources released: true
2025-02-25 19:01:30,518 main DEBUG Appender DefaultConsole-1 stopped with status true
2025-02-25 19:01:30,518 main TRACE DefaultConfiguration stopped 1 remaining Appenders.
2025-02-25 19:01:30,519 main TRACE DefaultConfiguration cleaning Appenders from 1 LoggerConfigs.
2025-02-25 19:01:30,519 main DEBUG Stopped org.apache.logging.log4j.core.config.DefaultConfiguration@17fede14 OK
2025-02-25 19:01:30,767 main TRACE Reregistering MBeans after reconfigure. Selector=org.apache.logging.log4j.core.selector.ClassLoaderContextSelector@7fb8bad0
2025-02-25 19:01:30,768 main TRACE Reregistering context (1/1): '70dea4e' org.apache.logging.log4j.core.LoggerContext@12d40609
2025-02-25 19:01:30,769 main TRACE Unregistering but no MBeans found matching 'org.apache.logging.log4j2:type=70dea4e'
2025-02-25 19:01:30,770 main TRACE Unregistering but no MBeans found matching 'org.apache.logging.log4j2:type=70dea4e,component=StatusLogger'
2025-02-25 19:01:30,770 main TRACE Unregistering but no MBeans found matching 'org.apache.logging.log4j2:type=70dea4e,component=ContextSelector'
2025-02-25 19:01:30,772 main TRACE Unregistering but no MBeans found matching 'org.apache.logging.log4j2:type=70dea4e,component=Loggers,name=*'
2025-02-25 19:01:30,773 main TRACE Unregistering but no MBeans found matching 'org.apache.logging.log4j2:type=70dea4e,component=Appenders,name=*'
2025-02-25 19:01:30,774 main TRACE Unregistering but no MBeans found matching 'org.apache.logging.log4j2:type=70dea4e,component=AsyncAppenders,name=*'
2025-02-25 19:01:30,775 main TRACE Unregistering but no MBeans found matching 'org.apache.logging.log4j2:type=70dea4e,component=AsyncLoggerRingBuffer'
2025-02-25 19:01:30,776 main TRACE Unregistering but no MBeans found matching 'org.apache.logging.log4j2:type=70dea4e,component=Loggers,name=*,subtype=RingBuffer'
2025-02-25 19:01:30,779 main DEBUG Registering MBean org.apache.logging.log4j2:type=70dea4e
2025-02-25 19:01:30,783 main DEBUG Registering MBean org.apache.logging.log4j2:type=70dea4e,component=StatusLogger
2025-02-25 19:01:30,785 main DEBUG Registering MBean org.apache.logging.log4j2:type=70dea4e,component=ContextSelector
2025-02-25 19:01:30,792 main DEBUG Registering MBean org.apache.logging.log4j2:type=70dea4e,component=Loggers,name=
2025-02-25 19:01:30,793 main DEBUG Registering MBean org.apache.logging.log4j2:type=70dea4e,component=Loggers,name=io.restassured
2025-02-25 19:01:30,794 main DEBUG Registering MBean org.apache.logging.log4j2:type=70dea4e,component=Loggers,name=org.apache.http
2025-02-25 19:01:30,798 main DEBUG Registering MBean org.apache.logging.log4j2:type=70dea4e,component=Appenders,name=Console
2025-02-25 19:01:30,800 main DEBUG Registering MBean org.apache.logging.log4j2:type=70dea4e,component=Appenders,name=File
2025-02-25 19:01:30,814 main TRACE Using default SystemClock for timestamps.
2025-02-25 19:01:30,815 main DEBUG org.apache.logging.log4j.core.util.SystemClock supports precise timestamps.
2025-02-25 19:01:30,817 main TRACE Using DummyNanoClock for nanosecond timestamps.
2025-02-25 19:01:30,819 main DEBUG Reconfiguration complete for context[name=70dea4e] at URI C:\Users\Pritam\eclipse-workspace\PetStoreAutomation\target\test-classes\log4j2.xml (org.apache.logging.log4j.core.LoggerContext@12d40609) with optional ClassLoader: null
2025-02-25 19:01:30,820 main DEBUG Shutdown hook enabled. Registering a new one.
2025-02-25 19:01:30,828 main DEBUG LoggerContext[name=70dea4e, org.apache.logging.log4j.core.LoggerContext@12d40609] started OK.
19:01:30.872 [main] INFO  api.test.UserTests2 - ******** Creating user *********
19:01:30.879 [main] DEBUG api.test.UserTests2 - debugging
HTTP/1.1 200 OK
Date: Tue, 25 Feb 2025 13:31:34 GMT
Content-Type: application/json
Transfer-Encoding: chunked
Connection: keep-alive
Access-Control-Allow-Origin: *
Access-Control-Allow-Methods: GET, POST, DELETE, PUT
Access-Control-Allow-Headers: Content-Type, api_key, Authorization
Server: Jetty(9.2.9.v20150224)

{
    "code": 200,
    "type": "unknown",
    "message": "313082880"
}
19:01:36.595 [main] INFO  api.test.UserTests2 - ******** User is created *********
]]></system-out>
    <system-err><![CDATA[SLF4J(W): No SLF4J providers were found.
SLF4J(W): Defaulting to no-operation (NOP) logger implementation
SLF4J(W): See https://www.slf4j.org/codes.html#noProviders for further details.
]]></system-err>
  </testcase>
  <testcase name="testGetUserByName" classname="api.test.UserTests2" time="1.331">
    <system-out><![CDATA[19:01:36.615 [main] INFO  api.test.UserTests2 - ******** Reading user info *********
19:01:36.615 [main] DEBUG api.test.UserTests2 - debugging
HTTP/1.1 200 OK
Date: Tue, 25 Feb 2025 13:31:35 GMT
Content-Type: application/json
Transfer-Encoding: chunked
Connection: keep-alive
Access-Control-Allow-Origin: *
Access-Control-Allow-Methods: GET, POST, DELETE, PUT
Access-Control-Allow-Headers: Content-Type, api_key, Authorization
Server: Jetty(9.2.9.v20150224)

{
    "id": 313082880,
    "username": "kathe.torp",
    "email": "ellen.prohaska@example.com",
    "password": "pdf2nol29",
    "phone": "1-547-948-5675",
    "userStatus": 0
}
19:01:37.916 [main] INFO  api.test.UserTests2 - ******** User info is displayed *********
]]></system-out>
  </testcase>
  <testcase name="testUpdateUserByName" classname="api.test.UserTests2" time="2.563">
    <system-out><![CDATA[19:01:37.926 [main] INFO  api.test.UserTests2 - ******** Updating user info *********
19:01:37.927 [main] DEBUG api.test.UserTests2 - debugging
HTTP/1.1 200 OK
Date: Tue, 25 Feb 2025 13:31:37 GMT
Content-Type: application/json
Transfer-Encoding: chunked
Connection: keep-alive
Access-Control-Allow-Origin: *
Access-Control-Allow-Methods: GET, POST, DELETE, PUT
Access-Control-Allow-Headers: Content-Type, api_key, Authorization
Server: Jetty(9.2.9.v20150224)

{
    "code": 200,
    "type": "unknown",
    "message": "313082880"
}
{
    "code": 200,
    "type": "unknown",
    "message": "313082880"
}
HTTP/1.1 200 OK
Date: Tue, 25 Feb 2025 13:31:38 GMT
Content-Type: application/json
Transfer-Encoding: chunked
Connection: keep-alive
Access-Control-Allow-Origin: *
Access-Control-Allow-Methods: GET, POST, DELETE, PUT
Access-Control-Allow-Headers: Content-Type, api_key, Authorization
Server: Jetty(9.2.9.v20150224)

{
    "id": 313082880,
    "username": "kathe.torp",
    "email": "quinn.ohara@example.com",
    "password": "pdf2nol29",
    "phone": "1-547-948-5675",
    "userStatus": 0
}
19:01:40.470 [main] INFO  api.test.UserTests2 - ******** user is updated *********
]]></system-out>
  </testcase>
  <testcase name="testDeleteUserByName" classname="api.test.UserTests2" time="1.179">
    <system-out><![CDATA[19:01:40.480 [main] INFO  api.test.UserTests2 - ******** Deleting user info *********
19:01:40.482 [main] DEBUG api.test.UserTests2 - debugging
HTTP/1.1 200 OK
Date: Tue, 25 Feb 2025 13:31:39 GMT
Content-Type: application/json
Transfer-Encoding: chunked
Connection: keep-alive
Access-Control-Allow-Origin: *
Access-Control-Allow-Methods: GET, POST, DELETE, PUT
Access-Control-Allow-Headers: Content-Type, api_key, Authorization
Server: Jetty(9.2.9.v20150224)

{
    "code": 200,
    "type": "unknown",
    "message": "kathe.torp"
}
19:01:41.673 [main] INFO  api.test.UserTests2 - ******** user is deleted *********
]]></system-out>
  </testcase>
</testsuite>