<?xml version="1.0" encoding="UTF-8"?>
<!-- Generated by org.testng.reporters.JUnitXMLReporter -->
<testsuite ignored="0" hostname="LAPTOP-1CTR9ER3" failures="0" tests="4" name="PetTests" time="13.293" errors="0" timestamp="2025-02-25T19:01:42 IST">
  <testcase classname="api.test.UserTests2" name="testPostUser" time="5.738"/>
  <testcase classname="api.test.UserTests2" name="testGetUserByName" time="1.303"/>
  <testcase classname="api.test.UserTests2" name="testUpdateUserByName" time="2.546"/>
  <testcase classname="api.test.UserTests2" name="testDeleteUserByName" time="1.195"/>
</testsuite> <!-- PetTests -->
